<?xml version="1.0" encoding="UTF-8"?>
<testng-results skipped="0" failed="0" ignored="3" total="3" passed="0">
  <reporter-output>
  </reporter-output>
  <suite name="tests.TestGeneral" duration-ms="12" started-at="2021-10-07T18:58:14 COT" finished-at="2021-10-07T18:58:14 COT">
    <groups>
    </groups>
    <test name="Command line test" duration-ms="12" started-at="2021-10-07T18:58:14 COT" finished-at="2021-10-07T18:58:14 COT">
    </test> <!-- Command line test -->
  </suite> <!-- tests.TestGeneral -->
</testng-results>
