<?xml version="1.0" encoding="UTF-8"?>
<!-- Generated by org.testng.reporters.JUnitXMLReporter -->
<testsuite hostname="DESKTOP-QK21TQ3" ignored="3" tests="0" failures="0" timestamp="2021-10-07T18:58:14 COT" time="0.012" errors="0">
  <testcase name="verificarCargaTiposJuguetes" time="0.0" classname="tests.TestGeneral">
    <ignored/>
  </testcase> <!-- verificarCargaTiposJuguetes -->
  <testcase name="verificarConexion" time="0.0" classname="tests.TestGeneral">
    <ignored/>
  </testcase> <!-- verificarConexion -->
  <testcase name="verificarCargaJuguetes" time="0.0" classname="tests.TestGeneral">
    <ignored/>
  </testcase> <!-- verificarCargaJuguetes -->
</testsuite>
